# JRE version: Java(TM) SE Runtime Environment (8.0_221-b11) (build 1.8.0_221-b11)
# Java VM: Java HotSpot(TM) 64-Bit Server VM (25.221-b11 mixed mode windows-amd64 compressed oops)
Heap:
 PSYoungGen      total 18432K, used 8659K [0x00000000f5d80000, 0x00000000f8180000, 0x0000000100000000)
  eden space 17408K, 43% used [0x00000000f5d80000,0x00000000f64f9ed8,0x00000000f6e80000)
  from space 1024K, 97% used [0x00000000f6e80000,0x00000000f6f7ad50,0x00000000f6f80000)
  to   space 1024K, 0% used [0x00000000f8080000,0x00000000f8080000,0x00000000f8180000)
 ParOldGen       total 22016K, used 2638K [0x00000000e1800000, 0x00000000e2d80000, 0x00000000f5d80000)
  object space 22016K, 11% used [0x00000000e1800000,0x00000000e1a938f0,0x00000000e2d80000)
 Metaspace       used 12292K, capacity 12384K, committed 12544K, reserved 1060864K
  class space    used 1652K, capacity 1688K, committed 1792K, reserved 1048576K
GC Heap History (6 events):
Event: 0.228 GC heap before
{Heap before GC invocations=1 (full 0):
 PSYoungGen      total 9728K, used 8698K [0x00000000f5d80000, 0x00000000f6800000, 0x0000000100000000)
  eden space 8704K, 99% used [0x00000000f5d80000,0x00000000f65fea30,0x00000000f6600000)
  from space 1024K, 0% used [0x00000000f6700000,0x00000000f6700000,0x00000000f6800000)
  to   space 1024K, 0% used [0x00000000f6600000,0x00000000f6600000,0x00000000f6700000)
 ParOldGen       total 22016K, used 0K [0x00000000e1800000, 0x00000000e2d80000, 0x00000000f5d80000)
  object space 22016K, 0% used [0x00000000e1800000,0x00000000e1800000,0x00000000e2d80000)
 Metaspace       used 2665K, capacity 4496K, committed 4864K, reserved 1056768K
  class space    used 297K, capacity 388K, committed 512K, reserved 1048576K
Event: 0.231 GC heap after
Heap after GC invocations=1 (full 0):
 PSYoungGen      total 9728K, used 573K [0x00000000f5d80000, 0x00000000f7080000, 0x0000000100000000)
  eden space 8704K, 0% used [0x00000000f5d80000,0x00000000f5d80000,0x00000000f6600000)
  from space 1024K, 56% used [0x00000000f6600000,0x00000000f668f5d8,0x00000000f6700000)
  to   space 1024K, 0% used [0x00000000f6f80000,0x00000000f6f80000,0x00000000f7080000)
 ParOldGen       total 22016K, used 8K [0x00000000e1800000, 0x00000000e2d80000, 0x00000000f5d80000)
  object space 22016K, 0% used [0x00000000e1800000,0x00000000e1802000,0x00000000e2d80000)
 Metaspace       used 2665K, capacity 4496K, committed 4864K, reserved 1056768K
  class space    used 297K, capacity 388K, committed 512K, reserved 1048576K
}
Event: 0.236 GC heap before
{Heap before GC invocations=2 (full 0):
 PSYoungGen      total 9728K, used 9249K [0x00000000f5d80000, 0x00000000f7080000, 0x0000000100000000)
  eden space 8704K, 99% used [0x00000000f5d80000,0x00000000f65f91c0,0x00000000f6600000)
  from space 1024K, 56% used [0x00000000f6600000,0x00000000f668f5d8,0x00000000f6700000)
  to   space 1024K, 0% used [0x00000000f6f80000,0x00000000f6f80000,0x00000000f7080000)
 ParOldGen       total 22016K, used 8K [0x00000000e1800000, 0x00000000e2d80000, 0x00000000f5d80000)
  object space 22016K, 0% used [0x00000000e1800000,0x00000000e1802000,0x00000000e2d80000)
 Metaspace       used 2665K, capacity 4496K, committed 4864K, reserved 1056768K
  class space    used 297K, capacity 388K, committed 512K, reserved 1048576K
Event: 0.242 GC heap after
Heap after GC invocations=2 (full 0):
 PSYoungGen      total 18432K, used 453K [0x00000000f5d80000, 0x00000000f7080000, 0x0000000100000000)
  eden space 17408K, 0% used [0x00000000f5d80000,0x00000000f5d80000,0x00000000f6e80000)
  from space 1024K, 44% used [0x00000000f6f80000,0x00000000f6ff1610,0x00000000f7080000)
  to   space 1024K, 0% used [0x00000000f6e80000,0x00000000f6e80000,0x00000000f6f80000)
 ParOldGen       total 22016K, used 16K [0x00000000e1800000, 0x00000000e2d80000, 0x00000000f5d80000)
  object space 22016K, 0% used [0x00000000e1800000,0x00000000e1804000,0x00000000e2d80000)
 Metaspace       used 2665K, capacity 4496K, committed 4864K, reserved 1056768K
  class space    used 297K, capacity 388K, committed 512K, reserved 1048576K
}
Event: 1.445 GC heap before
{Heap before GC invocations=3 (full 0):
 PSYoungGen      total 18432K, used 17861K [0x00000000f5d80000, 0x00000000f7080000, 0x0000000100000000)
  eden space 17408K, 100% used [0x00000000f5d80000,0x00000000f6e80000,0x00000000f6e80000)
  from space 1024K, 44% used [0x00000000f6f80000,0x00000000f6ff1610,0x00000000f7080000)
  to   space 1024K, 0% used [0x00000000f6e80000,0x00000000f6e80000,0x00000000f6f80000)
 ParOldGen       total 22016K, used 16K [0x00000000e1800000, 0x00000000e2d80000, 0x00000000f5d80000)
  object space 22016K, 0% used [0x00000000e1800000,0x00000000e1804000,0x00000000e2d80000)
 Metaspace       used 10533K, capacity 10656K, committed 11008K, reserved 1058816K
  class space    used 1403K, capacity 1432K, committed 1536K, reserved 1048576K
Event: 1.458 GC heap after
Heap after GC invocations=3 (full 0):
 PSYoungGen      total 18432K, used 1003K [0x00000000f5d80000, 0x00000000f8180000, 0x0000000100000000)
  eden space 17408K, 0% used [0x00000000f5d80000,0x00000000f5d80000,0x00000000f6e80000)
  from space 1024K, 97% used [0x00000000f6e80000,0x00000000f6f7ad50,0x00000000f6f80000)
  to   space 1024K, 0% used [0x00000000f8080000,0x00000000f8080000,0x00000000f8180000)
 ParOldGen       total 22016K, used 2638K [0x00000000e1800000, 0x00000000e2d80000, 0x00000000f5d80000)
  object space 22016K, 11% used [0x00000000e1800000,0x00000000e1a938f0,0x00000000e2d80000)
 Metaspace       used 10533K, capacity 10656K, committed 11008K, reserved 1058816K
  class space    used 1403K, capacity 1432K, committed 1536K, reserved 1048576K
}

